TN:
SF:src/App.tsx
FN:12,App
FNF:1
FNH:1
FNDA:2,App
DA:1,1
DA:2,1
DA:3,1
DA:4,1
DA:5,1
DA:6,1
DA:7,1
DA:8,1
DA:10,1
DA:13,2
DA:32,1
LF:11
LH:11
BRF:0
BRH:0
end_of_record
TN:
SF:src/components/AppSidebar.tsx
FN:46,AppSidebar
FN:54,(anonymous_1)
FNF:2
FNH:2
FNDA:1,AppSidebar
FNDA:6,(anonymous_1)
DA:1,1
DA:2,1
DA:13,1
DA:46,1
DA:47,1
DA:55,6
LF:6
LH:6
BRF:0
BRH:0
end_of_record
TN:
SF:src/components/RepoManager.tsx
FN:23,RepoManager
FN:36,(anonymous_8)
FN:37,(anonymous_9)
FN:44,(anonymous_10)
FN:45,(anonymous_11)
FN:61,(anonymous_12)
FN:65,(anonymous_13)
FN:65,(anonymous_14)
FN:86,(anonymous_15)
FN:86,(anonymous_16)
FN:96,(anonymous_17)
FN:96,(anonymous_18)
FN:116,(anonymous_19)
FN:116,(anonymous_20)
FN:126,(anonymous_21)
FN:126,(anonymous_22)
FN:147,(anonymous_23)
FN:147,(anonymous_24)
FN:175,(anonymous_25)
FN:175,(anonymous_26)
FN:249,(anonymous_27)
FN:269,(anonymous_28)
FN:282,(anonymous_29)
FN:289,(anonymous_30)
FN:298,(anonymous_31)
FN:305,(anonymous_32)
FN:305,(anonymous_33)
FN:312,(anonymous_34)
FN:316,(anonymous_35)
FNF:29
FNH:4
FNDA:1,RepoManager
FNDA:0,(anonymous_8)
FNDA:0,(anonymous_9)
FNDA:0,(anonymous_10)
FNDA:0,(anonymous_11)
FNDA:1,(anonymous_12)
FNDA:1,(anonymous_13)
FNDA:1,(anonymous_14)
FNDA:0,(anonymous_15)
FNDA:0,(anonymous_16)
FNDA:0,(anonymous_17)
FNDA:0,(anonymous_18)
FNDA:0,(anonymous_19)
FNDA:0,(anonymous_20)
FNDA:0,(anonymous_21)
FNDA:0,(anonymous_22)
FNDA:0,(anonymous_23)
FNDA:0,(anonymous_24)
FNDA:0,(anonymous_25)
FNDA:0,(anonymous_26)
FNDA:0,(anonymous_27)
FNDA:0,(anonymous_28)
FNDA:0,(anonymous_29)
FNDA:0,(anonymous_30)
FNDA:0,(anonymous_31)
FNDA:0,(anonymous_32)
FNDA:0,(anonymous_33)
FNDA:0,(anonymous_34)
FNDA:0,(anonymous_35)
DA:1,1
DA:2,1
DA:3,1
DA:4,1
DA:5,1
DA:6,1
DA:16,1
DA:18,1
DA:19,1
DA:20,1
DA:21,1
DA:23,1
DA:24,1
DA:25,1
DA:26,1
DA:27,1
DA:28,1
DA:29,1
DA:30,1
DA:32,1
DA:33,1
DA:34,1
DA:36,1
DA:37,0
DA:44,1
DA:45,0
DA:61,1
DA:62,1
DA:65,1
DA:66,1
DA:67,1
DA:72,0
DA:74,0
DA:75,0
DA:77,0
DA:78,0
DA:86,1
DA:87,0
DA:88,0
DA:89,0
DA:94,0
DA:96,0
DA:98,0
DA:103,0
DA:104,0
DA:110,0
DA:111,0
DA:112,0
DA:116,1
DA:117,0
DA:118,0
DA:119,0
DA:124,0
DA:126,0
DA:127,0
DA:130,0
DA:135,0
DA:136,0
DA:142,0
DA:143,0
DA:147,1
DA:148,0
DA:149,0
DA:150,0
DA:157,0
DA:159,0
DA:164,0
DA:165,0
DA:171,0
DA:175,1
DA:176,0
DA:177,0
DA:180,0
DA:186,0
DA:191,0
DA:193,0
DA:195,0
DA:200,0
DA:201,0
DA:207,0
DA:211,1
DA:250,0
DA:251,0
DA:269,0
DA:283,0
DA:284,0
DA:289,0
DA:298,0
DA:305,0
DA:312,0
DA:316,0
LF:91
LH:34
BRDA:36,0,0,0
BRDA:56,1,0,0
BRDA:56,1,1,0
BRDA:57,2,0,0
BRDA:57,2,1,0
BRDA:72,3,0,0
BRDA:74,4,0,0
BRDA:74,4,1,0
BRDA:94,5,0,0
BRDA:124,6,0,0
BRDA:127,7,0,0
BRDA:127,7,1,0
BRDA:191,8,0,0
BRDA:225,9,0,1
BRDA:225,9,1,0
BRDA:227,10,0,0
BRDA:227,10,1,0
BRDA:228,11,0,0
BRDA:228,11,1,0
BRDA:238,12,0,1
BRDA:238,12,1,0
BRDA:258,13,0,1
BRDA:258,13,1,0
BRDA:289,14,0,0
BRDA:289,14,1,0
BRDA:298,15,0,0
BRDA:298,15,1,0
BRDA:304,16,0,1
BRDA:304,16,1,1
BRDA:304,17,0,1
BRDA:304,17,1,0
BRDA:304,18,0,1
BRDA:304,18,1,0
BRDA:305,19,0,0
BRDA:305,19,1,0
BRDA:316,20,0,0
BRDA:316,20,1,0
BRDA:316,21,0,0
BRDA:316,21,1,0
BRF:39
BRH:7
end_of_record
TN:
SF:src/components/repository/ConsoleOutput.tsx
FN:14,ConsoleOutput
FN:18,(anonymous_1)
FN:20,(anonymous_2)
FN:23,(anonymous_3)
FN:29,(anonymous_4)
FN:65,(anonymous_5)
FNF:6
FNH:1
FNDA:1,ConsoleOutput
FNDA:0,(anonymous_1)
FNDA:0,(anonymous_2)
FNDA:0,(anonymous_3)
FNDA:0,(anonymous_4)
FNDA:0,(anonymous_5)
DA:1,1
DA:2,1
DA:3,1
DA:5,1
DA:6,1
DA:14,1
DA:15,1
DA:16,1
DA:18,1
DA:19,0
DA:20,0
DA:23,0
DA:24,0
DA:25,0
DA:29,0
DA:33,1
DA:66,0
LF:17
LH:10
BRDA:50,0,0,0
BRDA:50,0,1,1
BRDA:51,1,0,0
BRDA:51,1,1,1
BRDA:58,2,0,0
BRDA:58,2,1,1
BRDA:63,3,0,1
BRDA:63,3,1,0
BRDA:69,4,0,0
BRDA:69,4,1,0
BRDA:70,5,0,0
BRDA:70,5,1,0
BRDA:77,6,0,0
BRDA:77,6,1,0
BRDA:84,7,0,0
BRDA:84,7,1,0
BRF:16
BRH:4
end_of_record
TN:
SF:src/components/repository/RepositoryForm.tsx
FN:12,RepositoryForm
FN:18,(anonymous_8)
FN:18,(anonymous_9)
FN:89,(anonymous_10)
FN:103,(anonymous_11)
FNF:5
FNH:1
FNDA:1,RepositoryForm
FNDA:0,(anonymous_8)
FNDA:0,(anonymous_9)
FNDA:0,(anonymous_10)
FNDA:0,(anonymous_11)
DA:1,1
DA:2,1
DA:3,1
DA:4,1
DA:5,1
DA:6,1
DA:12,1
DA:13,1
DA:14,1
DA:15,1
DA:16,1
DA:18,1
DA:19,0
DA:21,0
DA:22,0
DA:27,0
DA:30,0
DA:31,0
DA:32,0
DA:44,0
DA:47,0
DA:54,0
DA:55,0
DA:56,0
DA:58,0
DA:63,0
DA:64,0
DA:70,0
DA:74,1
DA:89,0
DA:103,0
LF:31
LH:13
BRDA:21,0,0,0
BRDA:36,1,0,0
BRDA:36,1,1,0
BRDA:36,2,0,0
BRDA:36,2,1,0
BRDA:36,3,0,0
BRDA:36,3,1,0
BRDA:44,4,0,0
BRDA:60,5,0,0
BRDA:60,5,1,0
BRDA:110,6,0,0
BRDA:110,6,1,1
BRF:12
BRH:1
end_of_record
TN:
SF:src/components/repository/RepositoryList.tsx
FN:17,RepositoryList
FN:27,(anonymous_1)
FN:50,(anonymous_2)
FN:60,(anonymous_3)
FN:70,(anonymous_4)
FN:80,(anonymous_5)
FN:98,(anonymous_6)
FN:114,(anonymous_7)
FNF:8
FNH:0
FNDA:0,RepositoryList
FNDA:0,(anonymous_1)
FNDA:0,(anonymous_2)
FNDA:0,(anonymous_3)
FNDA:0,(anonymous_4)
FNDA:0,(anonymous_5)
FNDA:0,(anonymous_6)
FNDA:0,(anonymous_7)
DA:2,1
DA:3,1
DA:4,1
DA:5,1
DA:6,1
DA:17,1
DA:25,0
DA:28,0
DA:50,0
DA:60,0
DA:70,0
DA:80,0
DA:99,0
DA:115,0
LF:14
LH:6
BRDA:31,0,0,0
BRDA:31,0,1,0
BRDA:36,1,0,0
BRDA:36,1,1,0
BRDA:38,2,0,0
BRDA:38,2,1,0
BRDA:44,3,0,0
BRDA:44,3,1,0
BRDA:93,4,0,0
BRDA:93,4,1,0
BRDA:96,5,0,0
BRDA:96,5,1,0
BRDA:96,5,2,0
BRDA:101,6,0,0
BRDA:101,6,1,0
BRDA:105,7,0,0
BRDA:105,7,1,0
BRDA:111,8,0,0
BRDA:111,8,1,0
BRDA:111,8,2,0
BRDA:130,9,0,0
BRDA:130,9,1,0
BRF:22
BRH:0
end_of_record
TN:
SF:src/components/repository/RepositoryPushControls.tsx
FN:20,RepositoryPushControls
FN:33,(anonymous_8)
FN:33,(anonymous_9)
FN:38,(anonymous_10)
FN:44,(anonymous_11)
FN:46,(anonymous_12)
FN:76,(anonymous_13)
FN:76,(anonymous_14)
FN:103,(anonymous_15)
FN:104,(anonymous_16)
FN:140,(anonymous_17)
FN:150,(anonymous_18)
FN:165,(anonymous_19)
FN:166,(anonymous_20)
FN:171,(anonymous_21)
FN:172,(anonymous_22)
FN:175,(anonymous_23)
FNF:17
FNH:1
FNDA:1,RepositoryPushControls
FNDA:0,(anonymous_8)
FNDA:0,(anonymous_9)
FNDA:0,(anonymous_10)
FNDA:0,(anonymous_11)
FNDA:0,(anonymous_12)
FNDA:0,(anonymous_13)
FNDA:0,(anonymous_14)
FNDA:0,(anonymous_15)
FNDA:0,(anonymous_16)
FNDA:0,(anonymous_17)
FNDA:0,(anonymous_18)
FNDA:0,(anonymous_19)
FNDA:0,(anonymous_20)
FNDA:0,(anonymous_21)
FNDA:0,(anonymous_22)
FNDA:0,(anonymous_23)
DA:1,1
DA:2,1
DA:3,1
DA:4,1
DA:5,1
DA:6,1
DA:7,1
DA:8,1
DA:20,1
DA:28,1
DA:29,1
DA:30,1
DA:31,1
DA:33,1
DA:34,0
DA:35,0
DA:36,0
DA:38,0
DA:39,0
DA:40,0
DA:44,0
DA:45,0
DA:46,0
DA:49,0
DA:50,0
DA:52,0
DA:60,0
DA:66,0
DA:67,0
DA:72,0
DA:76,1
DA:77,0
DA:78,0
DA:83,0
DA:86,0
DA:87,0
DA:88,0
DA:90,0
DA:91,0
DA:100,0
DA:103,0
DA:104,0
DA:105,0
DA:107,0
DA:110,0
DA:112,0
DA:114,0
DA:119,0
DA:120,0
DA:121,0
DA:127,0
DA:131,1
DA:141,0
DA:142,0
DA:151,0
DA:165,0
DA:167,0
DA:172,0
DA:173,0
DA:175,0
LF:60
LH:16
BRDA:39,0,0,0
BRDA:39,1,0,0
BRDA:39,1,1,0
BRDA:39,2,0,0
BRDA:39,2,1,0
BRDA:55,3,0,0
BRDA:55,3,1,0
BRDA:61,4,0,0
BRDA:61,4,1,0
BRDA:62,5,0,0
BRDA:62,5,1,0
BRDA:70,6,0,0
BRDA:70,6,1,0
BRDA:72,7,0,0
BRDA:72,7,1,0
BRDA:77,8,0,0
BRDA:77,9,0,0
BRDA:77,9,1,0
BRDA:100,10,0,0
BRDA:105,11,0,0
BRDA:105,11,1,0
BRDA:105,12,0,0
BRDA:105,12,1,0
BRDA:105,13,0,0
BRDA:105,13,1,0
BRDA:105,14,0,0
BRDA:105,14,1,0
BRDA:105,15,0,0
BRDA:105,15,1,0
BRDA:120,16,0,0
BRDA:120,16,1,0
BRDA:152,17,0,0
BRDA:152,17,1,0
BRDA:153,18,0,0
BRDA:153,18,1,0
BRDA:173,19,0,0
BRDA:173,19,1,0
BRDA:184,20,0,0
BRDA:184,20,1,0
BRDA:185,21,0,0
BRDA:185,21,1,0
BRDA:217,22,0,1
BRDA:217,22,1,1
BRDA:217,22,2,0
BRDA:219,23,0,0
BRDA:219,23,1,1
BRF:46
BRH:3
end_of_record
TN:
SF:src/components/ui/alert-dialog.tsx
FN:16,(anonymous_7)
FN:31,(anonymous_8)
FN:46,(anonymous_9)
FN:60,(anonymous_10)
FN:77,(anonymous_11)
FN:89,(anonymous_12)
FN:102,(anonymous_13)
FN:114,(anonymous_14)
FNF:8
FNH:1
FNDA:0,(anonymous_7)
FNDA:2,(anonymous_8)
FNDA:0,(anonymous_9)
FNDA:0,(anonymous_10)
FNDA:0,(anonymous_11)
FNDA:0,(anonymous_12)
FNDA:0,(anonymous_13)
FNDA:0,(anonymous_14)
DA:1,1
DA:2,1
DA:4,1
DA:5,1
DA:7,1
DA:9,1
DA:11,1
DA:13,1
DA:16,0
DA:26,1
DA:28,1
DA:31,2
DA:44,1
DA:46,1
DA:47,0
DA:48,0
DA:49,0
DA:58,1
DA:60,1
DA:61,0
DA:62,0
DA:63,0
DA:72,1
DA:74,1
DA:77,0
DA:84,1
DA:86,1
DA:89,0
DA:96,1
DA:99,1
DA:102,0
DA:109,1
DA:111,1
DA:114,0
DA:125,1
DA:128,1
DA:129,1
DA:130,1
DA:131,1
DA:132,1
DA:133,1
DA:134,1
DA:135,1
DA:136,1
DA:137,1
DA:138,1
LF:46
LH:35
BRF:0
BRH:0
end_of_record
TN:
SF:src/components/ui/badge.tsx
FN:30,Badge
FNF:1
FNH:0
FNDA:0,Badge
DA:2,1
DA:4,1
DA:6,1
DA:30,0
DA:31,0
DA:36,1
LF:6
LH:4
BRF:0
BRH:0
end_of_record
TN:
SF:src/components/ui/button.tsx
FN:43,(anonymous_7)
FNF:1
FNH:1
FNDA:5,(anonymous_7)
DA:1,1
DA:2,1
DA:3,1
DA:5,1
DA:7,1
DA:42,1
DA:43,5
DA:44,5
DA:45,5
DA:54,1
DA:56,1
LF:11
LH:11
BRDA:43,0,0,5
BRDA:44,1,0,0
BRDA:44,1,1,5
BRF:3
BRH:2
end_of_record
TN:
SF:src/components/ui/card.tsx
FN:8,(anonymous_7)
FN:23,(anonymous_8)
FN:35,(anonymous_9)
FN:50,(anonymous_10)
FN:62,(anonymous_11)
FN:70,(anonymous_12)
FNF:6
FNH:1
FNDA:1,(anonymous_7)
FNDA:0,(anonymous_8)
FNDA:0,(anonymous_9)
FNDA:0,(anonymous_10)
FNDA:0,(anonymous_11)
FNDA:0,(anonymous_12)
DA:1,1
DA:3,1
DA:5,1
DA:8,1
DA:18,1
DA:20,1
DA:23,0
DA:30,1
DA:32,1
DA:35,0
DA:45,1
DA:47,1
DA:50,0
DA:57,1
DA:59,1
DA:62,0
DA:65,1
DA:67,1
DA:70,0
DA:77,1
DA:79,1
LF:21
LH:16
BRF:0
BRH:0
end_of_record
TN:
SF:src/components/ui/checkbox.tsx
FN:10,(anonymous_7)
FNF:1
FNH:0
FNDA:0,(anonymous_7)
DA:1,1
DA:2,1
DA:3,1
DA:5,1
DA:7,1
DA:10,0
DA:26,1
DA:28,1
LF:8
LH:7
BRF:0
BRH:0
end_of_record
TN:
SF:src/components/ui/input.tsx
FN:6,(anonymous_7)
FNF:1
FNH:1
FNDA:2,(anonymous_7)
DA:1,1
DA:3,1
DA:5,1
DA:6,2
DA:7,2
DA:20,1
DA:22,1
LF:7
LH:7
BRF:0
BRH:0
end_of_record
TN:
SF:src/components/ui/scroll-area.tsx
FN:9,(anonymous_7)
FN:27,(anonymous_8)
FNF:2
FNH:2
FNDA:1,(anonymous_7)
FNDA:1,(anonymous_8)
DA:1,1
DA:2,1
DA:4,1
DA:6,1
DA:9,1
DA:22,1
DA:24,1
DA:27,1
DA:44,1
DA:46,1
LF:10
LH:10
BRDA:27,0,0,1
BRDA:33,1,0,1
BRDA:33,1,1,1
BRDA:35,2,0,1
BRDA:35,2,1,0
BRF:5
BRH:4
end_of_record
TN:
SF:src/components/ui/select.tsx
FN:16,(anonymous_7)
FN:36,(anonymous_8)
FN:53,(anonymous_9)
FN:71,(anonymous_10)
FN:103,(anonymous_11)
FN:115,(anonymous_12)
FN:138,(anonymous_13)
FNF:7
FNH:2
FNDA:2,(anonymous_7)
FNDA:0,(anonymous_8)
FNDA:0,(anonymous_9)
FNDA:2,(anonymous_10)
FNDA:0,(anonymous_11)
FNDA:0,(anonymous_12)
FNDA:0,(anonymous_13)
DA:1,1
DA:2,1
DA:3,1
DA:5,1
DA:7,1
DA:9,1
DA:11,1
DA:13,1
DA:16,2
DA:31,1
DA:33,1
DA:36,0
DA:48,1
DA:50,1
DA:53,0
DA:65,1
DA:68,1
DA:71,2
DA:98,1
DA:100,1
DA:103,0
DA:110,1
DA:112,1
DA:115,0
DA:133,1
DA:135,1
DA:138,0
DA:145,1
DA:148,1
DA:149,1
DA:150,1
DA:151,1
DA:152,1
DA:153,1
DA:154,1
DA:155,1
DA:156,1
DA:157,1
LF:38
LH:33
BRDA:71,0,0,2
BRDA:77,1,0,2
BRDA:77,1,1,2
BRDA:88,2,0,2
BRDA:88,2,1,2
BRF:5
BRH:5
end_of_record
TN:
SF:src/components/ui/separator.tsx
FN:10,(anonymous_7)
FNF:1
FNH:0
FNDA:0,(anonymous_7)
DA:1,1
DA:2,1
DA:4,1
DA:6,1
DA:11,0
DA:13,0
DA:27,1
DA:29,1
LF:8
LH:6
BRDA:11,0,0,0
BRDA:11,1,0,0
BRDA:20,2,0,0
BRDA:20,2,1,0
BRF:4
BRH:0
end_of_record
TN:
SF:src/components/ui/sheet.tsx
FN:19,(anonymous_7)
FN:57,(anonymous_8)
FN:75,(anonymous_9)
FN:89,(anonymous_10)
FN:106,(anonymous_11)
FN:118,(anonymous_12)
FNF:6
FNH:0
FNDA:0,(anonymous_7)
FNDA:0,(anonymous_8)
FNDA:0,(anonymous_9)
FNDA:0,(anonymous_10)
FNDA:0,(anonymous_11)
FNDA:0,(anonymous_12)
DA:1,1
DA:2,1
DA:3,1
DA:4,1
DA:6,1
DA:8,1
DA:10,1
DA:12,1
DA:14,1
DA:16,1
DA:19,0
DA:29,1
DA:31,1
DA:54,1
DA:57,0
DA:73,1
DA:75,1
DA:76,0
DA:77,0
DA:78,0
DA:87,1
DA:89,1
DA:90,0
DA:91,0
DA:92,0
DA:101,1
DA:103,1
DA:106,0
DA:113,1
DA:115,1
DA:118,0
DA:125,1
DA:128,1
DA:129,1
LF:34
LH:24
BRDA:57,0,0,0
BRF:1
BRH:0
end_of_record
TN:
SF:src/components/ui/sidebar.tsx
FN:39,useSidebar
FN:56,(anonymous_8)
FN:76,(anonymous_9)
FN:91,(anonymous_10)
FN:93,(anonymous_11)
FN:94,(anonymous_12)
FN:98,(anonymous_13)
FN:99,(anonymous_14)
FN:110,(anonymous_15)
FN:118,(anonymous_16)
FN:165,(anonymous_17)
FN:263,(anonymous_18)
FN:273,(anonymous_19)
FN:289,(anonymous_20)
FN:318,(anonymous_21)
FN:336,(anonymous_22)
FN:354,(anonymous_23)
FN:369,(anonymous_24)
FN:384,(anonymous_25)
FN:399,(anonymous_26)
FN:417,(anonymous_27)
FN:432,(anonymous_28)
FN:453,(anonymous_29)
FN:476,(anonymous_30)
FN:489,(anonymous_31)
FN:502,(anonymous_32)
FN:542,(anonymous_33)
FN:599,(anonymous_34)
FN:627,(anonymous_35)
FN:650,(anonymous_36)
FN:652,(anonymous_37)
FN:686,(anonymous_38)
FN:703,(anonymous_39)
FN:713,(anonymous_40)
FNF:34
FNH:12
FNDA:8,useSidebar
FNDA:3,(anonymous_8)
FNDA:0,(anonymous_9)
FNDA:0,(anonymous_10)
FNDA:0,(anonymous_11)
FNDA:0,(anonymous_12)
FNDA:0,(anonymous_13)
FNDA:0,(anonymous_14)
FNDA:0,(anonymous_15)
FNDA:2,(anonymous_16)
FNDA:1,(anonymous_17)
FNDA:1,(anonymous_18)
FNDA:0,(anonymous_19)
FNDA:0,(anonymous_20)
FNDA:0,(anonymous_21)
FNDA:0,(anonymous_22)
FNDA:0,(anonymous_23)
FNDA:0,(anonymous_24)
FNDA:0,(anonymous_25)
FNDA:1,(anonymous_26)
FNDA:1,(anonymous_27)
FNDA:1,(anonymous_28)
FNDA:0,(anonymous_29)
FNDA:1,(anonymous_30)
FNDA:1,(anonymous_31)
FNDA:6,(anonymous_32)
FNDA:6,(anonymous_33)
FNDA:0,(anonymous_34)
FNDA:0,(anonymous_35)
FNDA:0,(anonymous_36)
FNDA:0,(anonymous_37)
FNDA:0,(anonymous_38)
FNDA:0,(anonymous_39)
FNDA:0,(anonymous_40)
DA:1,1
DA:2,1
DA:3,1
DA:4,1
DA:6,1
DA:7,1
DA:8,1
DA:9,1
DA:10,1
DA:11,1
DA:12,1
DA:13,1
DA:20,1
DA:21,1
DA:22,1
DA:23,1
DA:24,1
DA:25,1
DA:37,1
DA:40,8
DA:41,8
DA:42,0
DA:45,8
DA:48,1
DA:63,3
DA:64,2
DA:68,2
DA:69,2
DA:73,2
DA:74,2
DA:75,2
DA:77,0
DA:78,0
DA:79,0
DA:81,0
DA:85,0
DA:91,2
DA:92,0
DA:93,0
DA:94,0
DA:98,2
DA:99,0
DA:100,0
DA:104,0
DA:105,0
DA:109,0
DA:110,0
DA:115,2
DA:117,2
DA:118,2
DA:130,2
DA:155,1
DA:157,1
DA:171,1
DA:172,1
DA:176,1
DA:178,1
DA:179,0
DA:193,1
DA:194,0
DA:213,1
DA:258,1
DA:260,1
DA:263,1
DA:264,1
DA:266,1
DA:274,0
DA:275,0
DA:284,1
DA:286,1
DA:289,0
DA:290,0
DA:292,0
DA:313,1
DA:315,1
DA:318,0
DA:319,0
DA:331,1
DA:333,1
DA:336,0
DA:337,0
DA:349,1
DA:351,1
DA:354,0
DA:355,0
DA:364,1
DA:366,1
DA:369,0
DA:370,0
DA:379,1
DA:381,1
DA:384,0
DA:385,0
DA:394,1
DA:396,1
DA:399,1
DA:400,1
DA:412,1
DA:414,1
DA:417,1
DA:418,1
DA:427,1
DA:429,1
DA:432,1
DA:433,1
DA:435,1
DA:448,1
DA:450,1
DA:453,0
DA:454,0
DA:456,0
DA:471,1
DA:473,1
DA:476,1
DA:484,1
DA:486,1
DA:489,1
DA:497,1
DA:499,1
DA:502,6
DA:510,1
DA:512,1
DA:534,1
DA:549,6
DA:550,6
DA:554,6
DA:555,6
DA:558,6
DA:568,6
DA:569,6
DA:572,0
DA:573,0
DA:578,0
DA:591,1
DA:593,1
DA:599,0
DA:600,0
DA:602,0
DA:622,1
DA:624,1
DA:627,0
DA:643,1
DA:645,1
DA:650,0
DA:652,0
DA:653,0
DA:656,0
DA:681,1
DA:683,1
DA:686,0
DA:698,1
DA:700,1
DA:703,0
DA:704,1
DA:706,1
DA:713,0
DA:714,0
DA:716,0
DA:734,1
DA:737,1
DA:738,1
DA:739,1
DA:740,1
DA:741,1
DA:742,1
DA:743,1
DA:744,1
DA:745,1
DA:746,1
DA:747,1
DA:748,1
DA:749,1
DA:750,1
DA:751,1
DA:752,1
DA:753,1
DA:754,1
DA:755,1
DA:756,1
DA:757,1
DA:758,1
DA:759,1
DA:760,1
LF:183
LH:132
BRDA:41,0,0,0
BRDA:58,1,0,2
BRDA:74,2,0,0
BRDA:74,2,1,2
BRDA:74,3,0,2
BRDA:74,3,1,2
BRDA:77,4,0,0
BRDA:77,4,1,0
BRDA:78,5,0,0
BRDA:78,5,1,0
BRDA:92,6,0,0
BRDA:92,6,1,0
BRDA:100,7,0,0
BRDA:101,8,0,0
BRDA:101,8,1,0
BRDA:101,8,2,0
BRDA:115,9,0,2
BRDA:115,9,1,0
BRDA:167,10,0,1
BRDA:168,11,0,1
BRDA:169,12,0,1
BRDA:178,13,0,0
BRDA:193,14,0,0
BRDA:218,15,0,0
BRDA:218,15,1,1
BRDA:228,16,0,0
BRDA:228,16,1,1
BRDA:228,17,0,1
BRDA:228,17,1,1
BRDA:236,18,0,1
BRDA:236,18,1,0
BRDA:240,19,0,0
BRDA:240,19,1,1
BRDA:240,20,0,1
BRDA:240,20,1,1
BRDA:274,21,0,0
BRDA:274,21,1,0
BRDA:274,22,0,0
BRDA:274,22,1,0
BRDA:432,23,0,1
BRDA:433,24,0,0
BRDA:433,24,1,1
BRDA:453,25,0,0
BRDA:454,26,0,0
BRDA:454,26,1,0
BRDA:544,27,0,0
BRDA:545,28,0,6
BRDA:546,29,0,6
BRDA:547,30,0,6
BRDA:554,31,0,6
BRDA:554,31,1,0
BRDA:568,32,0,6
BRDA:572,33,0,0
BRDA:584,34,0,0
BRDA:584,34,1,0
BRDA:599,35,0,0
BRDA:599,36,0,0
BRDA:600,37,0,0
BRDA:600,37,1,0
BRDA:614,38,0,0
BRDA:614,38,1,0
BRDA:650,39,0,0
BRDA:663,40,0,0
BRDA:663,40,1,0
BRDA:713,41,0,0
BRDA:713,42,0,0
BRDA:714,43,0,0
BRDA:714,43,1,0
BRDA:725,44,0,0
BRDA:725,44,1,0
BRDA:726,45,0,0
BRDA:726,45,1,0
BRF:72
BRH:23
end_of_record
TN:
SF:src/components/ui/skeleton.tsx
FN:3,Skeleton
FNF:1
FNH:0
FNDA:0,Skeleton
DA:1,1
DA:4,0
DA:5,0
DA:7,0
DA:15,1
LF:5
LH:2
BRF:0
BRH:0
end_of_record
TN:
SF:src/components/ui/sonner.tsx
FN:6,(anonymous_1)
FNF:1
FNH:1
FNDA:2,(anonymous_1)
DA:1,1
DA:2,1
DA:6,2
DA:7,2
DA:9,1
DA:29,1
LF:6
LH:6
BRDA:7,0,0,1
BRF:1
BRH:1
end_of_record
TN:
SF:src/components/ui/toast.tsx
FN:13,(anonymous_7)
FN:45,(anonymous_8)
FN:59,(anonymous_9)
FN:74,(anonymous_10)
FN:92,(anonymous_11)
FN:104,(anonymous_12)
FNF:6
FNH:1
FNDA:1,(anonymous_7)
FNDA:0,(anonymous_8)
FNDA:0,(anonymous_9)
FNDA:0,(anonymous_10)
FNDA:0,(anonymous_11)
FNDA:0,(anonymous_12)
DA:1,1
DA:2,1
DA:3,1
DA:4,1
DA:6,1
DA:8,1
DA:10,1
DA:13,1
DA:23,1
DA:25,1
DA:41,1
DA:45,0
DA:46,0
DA:54,1
DA:56,1
DA:59,0
DA:69,1
DA:71,1
DA:74,0
DA:87,1
DA:89,1
DA:92,0
DA:99,1
DA:101,1
DA:104,0
DA:111,1
DA:120,1
DA:121,1
DA:122,1
DA:123,1
DA:124,1
DA:125,1
DA:126,1
LF:33
LH:27
BRF:0
BRH:0
end_of_record
TN:
SF:src/components/ui/toaster.tsx
FN:11,Toaster
FN:16,(anonymous_2)
FNF:2
FNH:1
FNDA:1,Toaster
FNDA:0,(anonymous_2)
DA:1,1
DA:2,1
DA:11,1
DA:12,1
DA:14,1
DA:16,0
DA:17,0
LF:7
LH:5
BRDA:20,0,0,0
BRDA:20,0,1,0
BRDA:21,1,0,0
BRDA:21,1,1,0
BRF:4
BRH:0
end_of_record
TN:
SF:src/components/ui/tooltip.tsx
FN:15,(anonymous_7)
FNF:1
FNH:0
FNDA:0,(anonymous_7)
DA:1,1
DA:2,1
DA:4,1
DA:6,1
DA:8,1
DA:10,1
DA:12,1
DA:15,0
DA:26,1
DA:28,1
LF:10
LH:9
BRDA:15,0,0,0
BRF:1
BRH:0
end_of_record
TN:
SF:src/components/visualizations/WebMetricsD3.tsx
FN:9,(anonymous_6)
FN:12,(anonymous_7)
FN:17,(anonymous_8)
FN:19,(anonymous_9)
FN:45,(anonymous_10)
FN:46,(anonymous_11)
FN:54,(anonymous_12)
FN:56,(anonymous_13)
FN:57,(anonymous_14)
FNF:9
FNH:0
FNDA:0,(anonymous_6)
FNDA:0,(anonymous_7)
FNDA:0,(anonymous_8)
FNDA:0,(anonymous_9)
FNDA:0,(anonymous_10)
FNDA:0,(anonymous_11)
FNDA:0,(anonymous_12)
FNDA:0,(anonymous_13)
FNDA:0,(anonymous_14)
DA:1,1
DA:2,1
DA:3,1
DA:9,1
DA:10,0
DA:12,0
DA:13,0
DA:16,0
DA:17,0
DA:19,0
DA:24,0
DA:25,0
DA:26,0
DA:29,0
DA:31,0
DA:38,0
DA:42,0
DA:45,0
DA:46,0
DA:49,0
DA:54,0
DA:56,0
DA:57,0
DA:62,0
DA:72,0
DA:79,0
LF:26
LH:4
BRDA:13,0,0,0
BRDA:13,1,0,0
BRDA:13,1,1,0
BRDA:17,2,0,0
BRDA:17,2,1,0
BRDA:17,2,2,0
BRDA:46,3,0,0
BRDA:46,3,1,0
BRDA:54,4,0,0
BRDA:54,4,1,0
BRF:10
BRH:0
end_of_record
TN:
SF:src/components/visualizations/WebMetricsHighcharts.tsx
FN:9,(anonymous_1)
FN:10,(anonymous_2)
FN:12,(anonymous_3)
FNF:3
FNH:0
FNDA:0,(anonymous_1)
FNDA:0,(anonymous_2)
FNDA:0,(anonymous_3)
DA:1,1
DA:2,1
DA:3,1
DA:9,1
DA:10,0
DA:11,0
DA:12,0
DA:18,0
DA:55,0
LF:9
LH:4
BRDA:11,0,0,0
BRDA:11,0,1,0
BRDA:11,0,2,0
BRDA:11,0,3,0
BRDA:14,1,0,0
BRDA:14,1,1,0
BRDA:14,2,0,0
BRDA:14,2,1,0
BRDA:15,3,0,0
BRDA:15,3,1,0
BRDA:15,4,0,0
BRDA:15,4,1,0
BRF:12
BRH:0
end_of_record
TN:
SF:src/components/visualizations/WebMetricsP5.tsx
FN:16,(anonymous_1)
FN:39,(anonymous_2)
FN:45,(anonymous_3)
FN:46,(anonymous_4)
FN:60,(anonymous_5)
FN:67,(anonymous_6)
FN:78,(anonymous_7)
FN:103,(anonymous_8)
FNF:8
FNH:0
FNDA:0,(anonymous_1)
FNDA:0,(anonymous_2)
FNDA:0,(anonymous_3)
FNDA:0,(anonymous_4)
FNDA:0,(anonymous_5)
FNDA:0,(anonymous_6)
FNDA:0,(anonymous_7)
FNDA:0,(anonymous_8)
DA:2,1
DA:4,1
DA:16,1
DA:23,0
DA:25,0
DA:32,0
DA:39,0
DA:40,0
DA:41,0
DA:44,0
DA:45,0
DA:46,0
DA:47,0
DA:50,0
DA:60,0
DA:61,0
DA:62,0
DA:65,0
DA:66,0
DA:67,0
DA:68,0
DA:69,0
DA:78,0
DA:79,0
DA:80,0
DA:83,0
DA:86,0
DA:87,0
DA:88,0
DA:89,0
DA:90,0
DA:94,0
DA:95,0
DA:96,0
DA:97,0
DA:100,0
DA:101,0
DA:102,0
DA:103,0
DA:104,0
DA:105,0
DA:106,0
DA:107,0
DA:108,0
DA:112,0
DA:113,0
DA:114,0
DA:117,0
LF:48
LH:3
BRDA:46,0,0,0
BRDA:46,0,1,0
BRDA:46,1,0,0
BRDA:46,1,1,0
BRDA:46,2,0,0
BRDA:46,2,1,0
BRDA:52,3,0,0
BRDA:52,3,1,0
BRDA:52,4,0,0
BRDA:52,4,1,0
BRDA:86,5,0,0
BRDA:86,6,0,0
BRDA:86,6,1,0
BRDA:87,7,0,0
BRDA:87,7,1,0
BRDA:95,8,0,0
BRDA:95,8,1,0
BRDA:103,9,0,0
BRDA:103,9,1,0
BRDA:103,10,0,0
BRDA:103,10,1,0
BRDA:103,11,0,0
BRDA:103,11,1,0
BRDA:106,12,0,0
BRDA:106,12,1,0
BRDA:106,13,0,0
BRDA:106,13,1,0
BRF:27
BRH:0
end_of_record
TN:
SF:src/components/web-tools/ConsoleOutput.tsx
FN:8,(anonymous_0)
FN:9,(anonymous_1)
FN:14,(anonymous_2)
FN:45,(anonymous_3)
FNF:4
FNH:0
FNDA:0,(anonymous_0)
FNDA:0,(anonymous_1)
FNDA:0,(anonymous_2)
FNDA:0,(anonymous_3)
DA:1,1
DA:2,1
DA:8,1
DA:9,0
DA:11,0
DA:14,0
DA:15,0
DA:16,0
DA:17,0
DA:18,0
DA:19,0
DA:23,0
DA:24,0
DA:25,0
DA:26,0
DA:35,0
DA:38,0
DA:46,0
LF:18
LH:3
BRDA:15,0,0,0
BRDA:16,1,0,0
BRDA:17,2,0,0
BRDA:18,3,0,0
BRDA:23,4,0,0
BRF:5
BRH:0
end_of_record
TN:
SF:src/components/web-tools/MetricsDisplay.tsx
FN:10,(anonymous_0)
FN:11,(anonymous_1)
FN:22,(anonymous_2)
FN:24,(anonymous_3)
FN:28,(anonymous_4)
FN:42,(anonymous_5)
FN:49,(anonymous_6)
FNF:7
FNH:0
FNDA:0,(anonymous_0)
FNDA:0,(anonymous_1)
FNDA:0,(anonymous_2)
FNDA:0,(anonymous_3)
FNDA:0,(anonymous_4)
FNDA:0,(anonymous_5)
FNDA:0,(anonymous_6)
DA:1,1
DA:2,1
DA:3,1
DA:4,1
DA:10,1
DA:11,0
DA:12,0
DA:22,0
DA:24,0
DA:28,0
DA:29,0
DA:30,0
DA:31,0
DA:34,0
DA:43,0
DA:50,0
LF:16
LH:5
BRDA:29,0,0,0
BRDA:29,1,0,0
BRDA:29,1,1,0
BRDA:30,2,0,0
BRDA:30,3,0,0
BRDA:30,3,1,0
BRF:6
BRH:0
end_of_record
TN:
SF:src/components/web-tools/WebMetricsForm.tsx
FN:11,(anonymous_0)
FN:14,(anonymous_1)
FN:30,(anonymous_2)
FNF:3
FNH:0
FNDA:0,(anonymous_0)
FNDA:0,(anonymous_1)
FNDA:0,(anonymous_2)
DA:1,1
DA:2,1
DA:3,1
DA:4,1
DA:11,1
DA:12,0
DA:14,0
DA:15,0
DA:16,0
DA:19,0
DA:30,0
LF:11
LH:5
BRDA:35,0,0,0
BRDA:35,0,1,0
BRF:2
BRH:0
end_of_record
TN:
SF:src/hooks/use-mobile.tsx
FN:5,useIsMobile
FN:8,(anonymous_7)
FN:10,(anonymous_8)
FN:15,(anonymous_9)
FNF:4
FNH:2
FNDA:2,useIsMobile
FNDA:2,(anonymous_7)
FNDA:0,(anonymous_8)
FNDA:0,(anonymous_9)
DA:1,1
DA:3,1
DA:5,1
DA:6,2
DA:8,2
DA:9,2
DA:10,0
DA:11,0
DA:13,0
DA:14,0
DA:15,0
DA:18,2
LF:12
LH:7
BRF:0
BRH:0
end_of_record
TN:
SF:src/hooks/use-toast.ts
FN:27,genId
FN:58,(anonymous_8)
FN:63,(anonymous_9)
FN:74,(anonymous_10)
FN:85,(anonymous_11)
FN:98,(anonymous_12)
FN:105,(anonymous_13)
FN:124,(anonymous_14)
FN:133,dispatch
FN:135,(anonymous_16)
FN:142,toast
FN:145,(anonymous_18)
FN:150,(anonymous_19)
FN:158,(anonymous_20)
FN:171,useToast
FN:174,(anonymous_22)
FN:176,(anonymous_23)
FN:187,(anonymous_24)
FNF:18
FNH:3
FNDA:0,genId
FNDA:0,(anonymous_8)
FNDA:0,(anonymous_9)
FNDA:0,(anonymous_10)
FNDA:0,(anonymous_11)
FNDA:0,(anonymous_12)
FNDA:0,(anonymous_13)
FNDA:0,(anonymous_14)
FNDA:0,dispatch
FNDA:0,(anonymous_16)
FNDA:0,toast
FNDA:0,(anonymous_18)
FNDA:0,(anonymous_19)
FNDA:0,(anonymous_20)
FNDA:5,useToast
FNDA:5,(anonymous_22)
FNDA:5,(anonymous_23)
FNDA:0,(anonymous_24)
DA:1,1
DA:8,1
DA:9,1
DA:18,1
DA:25,1
DA:28,0
DA:29,0
DA:56,1
DA:58,1
DA:59,0
DA:60,0
DA:63,0
DA:64,0
DA:65,0
DA:71,0
DA:74,1
DA:75,0
DA:77,0
DA:83,0
DA:86,0
DA:91,0
DA:95,0
DA:96,0
DA:98,0
DA:99,0
DA:103,0
DA:106,0
DA:116,0
DA:117,0
DA:122,0
DA:124,0
DA:129,1
DA:131,1
DA:134,0
DA:135,0
DA:136,0
DA:142,0
DA:143,0
DA:145,0
DA:146,0
DA:150,0
DA:152,0
DA:159,0
DA:164,0
DA:172,5
DA:174,5
DA:175,5
DA:176,5
DA:177,5
DA:178,5
DA:179,5
DA:184,5
DA:187,0
DA:191,1
LF:54
LH:19
BRDA:59,0,0,0
BRDA:75,1,0,0
BRDA:75,1,1,0
BRDA:75,1,2,0
BRDA:75,1,3,0
BRDA:86,2,0,0
BRDA:86,2,1,0
BRDA:95,3,0,0
BRDA:95,3,1,0
BRDA:106,4,0,0
BRDA:106,4,1,0
BRDA:106,5,0,0
BRDA:106,5,1,0
BRDA:116,6,0,0
BRDA:159,7,0,0
BRDA:178,8,0,5
BRF:16
BRH:1
end_of_record
TN:
SF:src/integrations/supabase/client.ts
FNF:0
FNH:0
DA:2,1
DA:5,1
DA:6,1
DA:11,1
LF:4
LH:4
BRF:0
BRH:0
end_of_record
TN:
SF:src/lib/utils.ts
FN:4,cn
FNF:1
FNH:1
FNDA:41,cn
DA:1,1
DA:2,1
DA:4,1
DA:5,41
LF:4
LH:4
BRF:0
BRH:0
end_of_record
TN:
SF:src/pages/Repositories.tsx
FN:5,(anonymous_0)
FNF:1
FNH:1
FNDA:2,(anonymous_0)
DA:1,1
DA:2,1
DA:3,1
DA:5,1
DA:6,2
DA:24,1
LF:6
LH:6
BRF:0
BRH:0
end_of_record
TN:
SF:src/pages/WebTools.tsx
FN:8,(anonymous_7)
FN:13,(anonymous_8)
FN:13,(anonymous_9)
FN:29,(anonymous_10)
FNF:4
FNH:0
FNDA:0,(anonymous_7)
FNDA:0,(anonymous_8)
FNDA:0,(anonymous_9)
FNDA:0,(anonymous_10)
DA:1,1
DA:2,1
DA:3,1
DA:4,1
DA:5,1
DA:6,1
DA:8,1
DA:9,0
DA:10,0
DA:11,0
DA:13,0
DA:14,0
DA:15,0
DA:17,0
DA:26,0
DA:27,0
DA:29,0
DA:31,0
DA:35,0
DA:57,1
LF:20
LH:8
BRF:0
BRH:0
end_of_record
